Writing PID to tmp/pids/thin.pid
Exiting!
/usr/local/rvm/gems/ruby-2.4.1/gems/execjs-2.0.2/lib/execjs/runtimes.rb:51:in `autodetect': Could not find a JavaScript runtime. See https://github.com/sstephenson/execjs for a list of available runtimes. (ExecJS::RuntimeUnavailable)
	from /usr/local/rvm/gems/ruby-2.4.1/gems/execjs-2.0.2/lib/execjs.rb:5:in `<module:ExecJS>'
	from /usr/local/rvm/gems/ruby-2.4.1/gems/execjs-2.0.2/lib/execjs.rb:4:in `<top (required)>'
	from /usr/local/rvm/gems/ruby-2.4.1/gems/backports-3.8.0/lib/backports/std_lib.rb:9:in `require'
	from /usr/local/rvm/gems/ruby-2.4.1/gems/backports-3.8.0/lib/backports/std_lib.rb:9:in `require_with_backports'
	from /usr/local/rvm/gems/ruby-2.4.1/gems/coffee-script-2.2.0/lib/coffee_script.rb:1:in `<top (required)>'
	from /usr/local/rvm/gems/ruby-2.4.1/gems/backports-3.8.0/lib/backports/std_lib.rb:9:in `require'
	from /usr/local/rvm/gems/ruby-2.4.1/gems/backports-3.8.0/lib/backports/std_lib.rb:9:in `require_with_backports'
	from /usr/local/rvm/gems/ruby-2.4.1/gems/coffee-script-2.2.0/lib/coffee-script.rb:1:in `<top (required)>'
	from /usr/local/rvm/gems/ruby-2.4.1/gems/backports-3.8.0/lib/backports/std_lib.rb:9:in `require'
	from /usr/local/rvm/gems/ruby-2.4.1/gems/backports-3.8.0/lib/backports/std_lib.rb:9:in `require_with_backports'
	from /usr/local/rvm/gems/ruby-2.4.1/gems/smashing-1.0.0/lib/dashing/app.rb:5:in `<top (required)>'
	from /usr/local/rvm/gems/ruby-2.4.1/gems/smashing-1.0.0/lib/dashing.rb:3:in `require'
	from /usr/local/rvm/gems/ruby-2.4.1/gems/smashing-1.0.0/lib/dashing.rb:3:in `<top (required)>'
	from config.ru:1:in `require'
	from config.ru:1:in `block in <main>'
	from /usr/local/rvm/gems/ruby-2.4.1/gems/rack-1.5.5/lib/rack/builder.rb:55:in `instance_eval'
	from /usr/local/rvm/gems/ruby-2.4.1/gems/rack-1.5.5/lib/rack/builder.rb:55:in `initialize'
	from config.ru:1:in `new'
	from config.ru:1:in `<main>'
	from /usr/local/rvm/gems/ruby-2.4.1/gems/thin-1.6.4/lib/rack/adapter/loader.rb:33:in `eval'
	from /usr/local/rvm/gems/ruby-2.4.1/gems/thin-1.6.4/lib/rack/adapter/loader.rb:33:in `load'
	from /usr/local/rvm/gems/ruby-2.4.1/gems/thin-1.6.4/lib/thin/controllers/controller.rb:182:in `load_rackup_config'
	from /usr/local/rvm/gems/ruby-2.4.1/gems/thin-1.6.4/lib/thin/controllers/controller.rb:72:in `start'
	from /usr/local/rvm/gems/ruby-2.4.1/gems/thin-1.6.4/lib/thin/runner.rb:200:in `run_command'
	from /usr/local/rvm/gems/ruby-2.4.1/gems/thin-1.6.4/lib/thin/runner.rb:156:in `run!'
	from /usr/local/rvm/gems/ruby-2.4.1/gems/thin-1.6.4/bin/thin:6:in `<top (required)>'
	from /usr/local/rvm/gems/ruby-2.4.1/bin/thin:23:in `load'
	from /usr/local/rvm/gems/ruby-2.4.1/bin/thin:23:in `<main>'
	from /usr/local/rvm/gems/ruby-2.4.1/bin/ruby_executable_hooks:15:in `eval'
	from /usr/local/rvm/gems/ruby-2.4.1/bin/ruby_executable_hooks:15:in `<main>'
Writing PID to tmp/pids/thin.pid
Exiting!
/usr/local/rvm/gems/ruby-2.4.1/gems/execjs-2.0.2/lib/execjs/runtimes.rb:51:in `autodetect': Could not find a JavaScript runtime. See https://github.com/sstephenson/execjs for a list of available runtimes. (ExecJS::RuntimeUnavailable)
	from /usr/local/rvm/gems/ruby-2.4.1/gems/execjs-2.0.2/lib/execjs.rb:5:in `<module:ExecJS>'
	from /usr/local/rvm/gems/ruby-2.4.1/gems/execjs-2.0.2/lib/execjs.rb:4:in `<top (required)>'
	from /usr/local/rvm/gems/ruby-2.4.1/gems/backports-3.8.0/lib/backports/std_lib.rb:9:in `require'
	from /usr/local/rvm/gems/ruby-2.4.1/gems/backports-3.8.0/lib/backports/std_lib.rb:9:in `require_with_backports'
	from /usr/local/rvm/gems/ruby-2.4.1/gems/coffee-script-2.2.0/lib/coffee_script.rb:1:in `<top (required)>'
	from /usr/local/rvm/gems/ruby-2.4.1/gems/backports-3.8.0/lib/backports/std_lib.rb:9:in `require'
	from /usr/local/rvm/gems/ruby-2.4.1/gems/backports-3.8.0/lib/backports/std_lib.rb:9:in `require_with_backports'
	from /usr/local/rvm/gems/ruby-2.4.1/gems/coffee-script-2.2.0/lib/coffee-script.rb:1:in `<top (required)>'
	from /usr/local/rvm/gems/ruby-2.4.1/gems/backports-3.8.0/lib/backports/std_lib.rb:9:in `require'
	from /usr/local/rvm/gems/ruby-2.4.1/gems/backports-3.8.0/lib/backports/std_lib.rb:9:in `require_with_backports'
	from /usr/local/rvm/gems/ruby-2.4.1/gems/smashing-1.0.0/lib/dashing/app.rb:5:in `<top (required)>'
	from /usr/local/rvm/gems/ruby-2.4.1/gems/smashing-1.0.0/lib/dashing.rb:3:in `require'
	from /usr/local/rvm/gems/ruby-2.4.1/gems/smashing-1.0.0/lib/dashing.rb:3:in `<top (required)>'
	from config.ru:1:in `require'
	from config.ru:1:in `block in <main>'
	from /usr/local/rvm/gems/ruby-2.4.1/gems/rack-1.5.5/lib/rack/builder.rb:55:in `instance_eval'
	from /usr/local/rvm/gems/ruby-2.4.1/gems/rack-1.5.5/lib/rack/builder.rb:55:in `initialize'
	from config.ru:1:in `new'
	from config.ru:1:in `<main>'
	from /usr/local/rvm/gems/ruby-2.4.1/gems/thin-1.6.4/lib/rack/adapter/loader.rb:33:in `eval'
	from /usr/local/rvm/gems/ruby-2.4.1/gems/thin-1.6.4/lib/rack/adapter/loader.rb:33:in `load'
	from /usr/local/rvm/gems/ruby-2.4.1/gems/thin-1.6.4/lib/thin/controllers/controller.rb:182:in `load_rackup_config'
	from /usr/local/rvm/gems/ruby-2.4.1/gems/thin-1.6.4/lib/thin/controllers/controller.rb:72:in `start'
	from /usr/local/rvm/gems/ruby-2.4.1/gems/thin-1.6.4/lib/thin/runner.rb:200:in `run_command'
	from /usr/local/rvm/gems/ruby-2.4.1/gems/thin-1.6.4/lib/thin/runner.rb:156:in `run!'
	from /usr/local/rvm/gems/ruby-2.4.1/gems/thin-1.6.4/bin/thin:6:in `<top (required)>'
	from /usr/local/rvm/gems/ruby-2.4.1/bin/thin:23:in `load'
	from /usr/local/rvm/gems/ruby-2.4.1/bin/thin:23:in `<main>'
	from /usr/local/rvm/gems/ruby-2.4.1/bin/ruby_executable_hooks:15:in `eval'
	from /usr/local/rvm/gems/ruby-2.4.1/bin/ruby_executable_hooks:15:in `<main>'
Writing PID to tmp/pids/thin.pid
Exiting!
/usr/local/rvm/gems/ruby-2.4.1/gems/execjs-2.0.2/lib/execjs/runtimes.rb:51:in `autodetect': Could not find a JavaScript runtime. See https://github.com/sstephenson/execjs for a list of available runtimes. (ExecJS::RuntimeUnavailable)
	from /usr/local/rvm/gems/ruby-2.4.1/gems/execjs-2.0.2/lib/execjs.rb:5:in `<module:ExecJS>'
	from /usr/local/rvm/gems/ruby-2.4.1/gems/execjs-2.0.2/lib/execjs.rb:4:in `<top (required)>'
	from /usr/local/rvm/gems/ruby-2.4.1/gems/backports-3.8.0/lib/backports/std_lib.rb:9:in `require'
	from /usr/local/rvm/gems/ruby-2.4.1/gems/backports-3.8.0/lib/backports/std_lib.rb:9:in `require_with_backports'
	from /usr/local/rvm/gems/ruby-2.4.1/gems/coffee-script-2.2.0/lib/coffee_script.rb:1:in `<top (required)>'
	from /usr/local/rvm/gems/ruby-2.4.1/gems/backports-3.8.0/lib/backports/std_lib.rb:9:in `require'
	from /usr/local/rvm/gems/ruby-2.4.1/gems/backports-3.8.0/lib/backports/std_lib.rb:9:in `require_with_backports'
	from /usr/local/rvm/gems/ruby-2.4.1/gems/coffee-script-2.2.0/lib/coffee-script.rb:1:in `<top (required)>'
	from /usr/local/rvm/gems/ruby-2.4.1/gems/backports-3.8.0/lib/backports/std_lib.rb:9:in `require'
	from /usr/local/rvm/gems/ruby-2.4.1/gems/backports-3.8.0/lib/backports/std_lib.rb:9:in `require_with_backports'
	from /usr/local/rvm/gems/ruby-2.4.1/gems/smashing-1.0.0/lib/dashing/app.rb:5:in `<top (required)>'
	from /usr/local/rvm/gems/ruby-2.4.1/gems/smashing-1.0.0/lib/dashing.rb:3:in `require'
	from /usr/local/rvm/gems/ruby-2.4.1/gems/smashing-1.0.0/lib/dashing.rb:3:in `<top (required)>'
	from config.ru:1:in `require'
	from config.ru:1:in `block in <main>'
	from /usr/local/rvm/gems/ruby-2.4.1/gems/rack-1.5.5/lib/rack/builder.rb:55:in `instance_eval'
	from /usr/local/rvm/gems/ruby-2.4.1/gems/rack-1.5.5/lib/rack/builder.rb:55:in `initialize'
	from config.ru:1:in `new'
	from config.ru:1:in `<main>'
	from /usr/local/rvm/gems/ruby-2.4.1/gems/thin-1.6.4/lib/rack/adapter/loader.rb:33:in `eval'
	from /usr/local/rvm/gems/ruby-2.4.1/gems/thin-1.6.4/lib/rack/adapter/loader.rb:33:in `load'
	from /usr/local/rvm/gems/ruby-2.4.1/gems/thin-1.6.4/lib/thin/controllers/controller.rb:182:in `load_rackup_config'
	from /usr/local/rvm/gems/ruby-2.4.1/gems/thin-1.6.4/lib/thin/controllers/controller.rb:72:in `start'
	from /usr/local/rvm/gems/ruby-2.4.1/gems/thin-1.6.4/lib/thin/runner.rb:200:in `run_command'
	from /usr/local/rvm/gems/ruby-2.4.1/gems/thin-1.6.4/lib/thin/runner.rb:156:in `run!'
	from /usr/local/rvm/gems/ruby-2.4.1/gems/thin-1.6.4/bin/thin:6:in `<top (required)>'
	from /usr/local/rvm/gems/ruby-2.4.1/bin/thin:23:in `load'
	from /usr/local/rvm/gems/ruby-2.4.1/bin/thin:23:in `<main>'
	from /usr/local/rvm/gems/ruby-2.4.1/bin/ruby_executable_hooks:15:in `eval'
	from /usr/local/rvm/gems/ruby-2.4.1/bin/ruby_executable_hooks:15:in `<main>'
